<?xml version="1.0" encoding="UTF-8"?>
<robot generator="Robot 3.2.2 (Python 3.7.0 on darwin)" generated="20210307 22:28:34.406" rpa="false">
<suite id="s1" name="Main" source="/Users/msuresh/PycharmProjects/automationdemo/tests/main.robot">
<test id="s1-t1" name="Verify user is able to register with valid credentials">
<kw name="Open Browser" library="SeleniumLibrary">
<doc>Opens a new browser instance to the optional ``url``.</doc>
<arguments>
<arg>http://automationpractice.com/index.php</arg>
<arg>chrome</arg>
</arguments>
<msg timestamp="20210307 22:28:34.548" level="INFO">Opening browser 'chrome' to base url 'http://automationpractice.com/index.php'.</msg>
<status status="PASS" starttime="20210307 22:28:34.548" endtime="20210307 22:28:48.973"></status>
</kw>
<kw name="Page Should Contain Element" library="SeleniumLibrary">
<doc>Verifies that element ``locator`` is found on the current page.</doc>
<arguments>
<arg>css:img.logo</arg>
</arguments>
<msg timestamp="20210307 22:28:48.997" level="INFO">Current page contains element 'css:img.logo'.</msg>
<status status="PASS" starttime="20210307 22:28:48.974" endtime="20210307 22:28:48.997"></status>
</kw>
<kw name="Page Should Contain Element" library="SeleniumLibrary">
<doc>Verifies that element ``locator`` is found on the current page.</doc>
<arguments>
<arg>css:input[class^=search_query]</arg>
</arguments>
<msg timestamp="20210307 22:28:49.007" level="INFO">Current page contains element 'css:input[class^=search_query]'.</msg>
<status status="PASS" starttime="20210307 22:28:48.997" endtime="20210307 22:28:49.007"></status>
</kw>
<kw name="Click Element" library="SeleniumLibrary">
<doc>Click the element identified by ``locator``.</doc>
<arguments>
<arg>css:a[class^=login]</arg>
</arguments>
<msg timestamp="20210307 22:28:49.007" level="INFO">Clicking element 'css:a[class^=login]'.</msg>
<status status="PASS" starttime="20210307 22:28:49.007" endtime="20210307 22:28:50.873"></status>
</kw>
<kw name="Page Should Contain Element" library="SeleniumLibrary">
<doc>Verifies that element ``locator`` is found on the current page.</doc>
<arguments>
<arg>css=#email_create</arg>
</arguments>
<msg timestamp="20210307 22:28:50.884" level="INFO">Current page contains element 'css=#email_create'.</msg>
<status status="PASS" starttime="20210307 22:28:50.873" endtime="20210307 22:28:50.884"></status>
</kw>
<kw name="Input Text" library="SeleniumLibrary">
<doc>Types the given ``text`` into the text field identified by ``locator``.</doc>
<arguments>
<arg>css=#email_create</arg>
<arg>${valide_email}</arg>
</arguments>
<msg timestamp="20210307 22:28:50.885" level="INFO">Typing text 'test1117@demo.com' into text field 'css=#email_create'.</msg>
<status status="PASS" starttime="20210307 22:28:50.884" endtime="20210307 22:28:51.056"></status>
</kw>
<kw name="Click Element" library="SeleniumLibrary">
<doc>Click the element identified by ``locator``.</doc>
<arguments>
<arg>css=#SubmitCreate</arg>
</arguments>
<msg timestamp="20210307 22:28:51.056" level="INFO">Clicking element 'css=#SubmitCreate'.</msg>
<status status="PASS" starttime="20210307 22:28:51.056" endtime="20210307 22:28:51.104"></status>
</kw>
<kw name="Wait Until Page Contains" library="SeleniumLibrary">
<doc>Waits until ``text`` appears on the current page.</doc>
<arguments>
<arg>Your personal information</arg>
</arguments>
<status status="PASS" starttime="20210307 22:28:51.104" endtime="20210307 22:28:53.004"></status>
</kw>
<kw name="Click Element" library="SeleniumLibrary">
<doc>Click the element identified by ``locator``.</doc>
<arguments>
<arg>css=#id_gender1</arg>
</arguments>
<msg timestamp="20210307 22:28:53.005" level="INFO">Clicking element 'css=#id_gender1'.</msg>
<status status="PASS" starttime="20210307 22:28:53.004" endtime="20210307 22:28:53.045"></status>
</kw>
<kw name="Input Text" library="SeleniumLibrary">
<doc>Types the given ``text`` into the text field identified by ``locator``.</doc>
<arguments>
<arg>css=#customer_firstname</arg>
<arg>${firstname}</arg>
</arguments>
<msg timestamp="20210307 22:28:53.046" level="INFO">Typing text 'Mithun' into text field 'css=#customer_firstname'.</msg>
<status status="PASS" starttime="20210307 22:28:53.046" endtime="20210307 22:28:53.163"></status>
</kw>
<kw name="Input Text" library="SeleniumLibrary">
<doc>Types the given ``text`` into the text field identified by ``locator``.</doc>
<arguments>
<arg>css=#customer_lastname</arg>
<arg>${lastname}</arg>
</arguments>
<msg timestamp="20210307 22:28:53.163" level="INFO">Typing text 'Suresh' into text field 'css=#customer_lastname'.</msg>
<status status="PASS" starttime="20210307 22:28:53.163" endtime="20210307 22:28:53.241"></status>
</kw>
<kw name="Input Text" library="SeleniumLibrary">
<doc>Types the given ``text`` into the text field identified by ``locator``.</doc>
<arguments>
<arg>css=#passwd</arg>
<arg>${password}</arg>
</arguments>
<msg timestamp="20210307 22:28:53.241" level="INFO">Typing text 'Test1234' into text field 'css=#passwd'.</msg>
<status status="PASS" starttime="20210307 22:28:53.241" endtime="20210307 22:28:53.332"></status>
</kw>
<kw name="Page Should Contain List" library="SeleniumLibrary">
<doc>Verifies selection list ``locator`` is found from current page.</doc>
<arguments>
<arg>css=#days</arg>
</arguments>
<msg timestamp="20210307 22:28:53.345" level="INFO">Current page contains list 'css=#days'.</msg>
<status status="PASS" starttime="20210307 22:28:53.333" endtime="20210307 22:28:53.346"></status>
</kw>
<kw name="Page Should Contain List" library="SeleniumLibrary">
<doc>Verifies selection list ``locator`` is found from current page.</doc>
<arguments>
<arg>css=#months</arg>
</arguments>
<msg timestamp="20210307 22:28:53.358" level="INFO">Current page contains list 'css=#months'.</msg>
<status status="PASS" starttime="20210307 22:28:53.346" endtime="20210307 22:28:53.358"></status>
</kw>
<kw name="Page Should Contain List" library="SeleniumLibrary">
<doc>Verifies selection list ``locator`` is found from current page.</doc>
<arguments>
<arg>css=#years</arg>
</arguments>
<msg timestamp="20210307 22:28:53.370" level="INFO">Current page contains list 'css=#years'.</msg>
<status status="PASS" starttime="20210307 22:28:53.358" endtime="20210307 22:28:53.370"></status>
</kw>
<kw name="Select From List By Value" library="SeleniumLibrary">
<doc>Selects options from selection list ``locator`` by ``values``.</doc>
<arguments>
<arg>css=#days</arg>
<arg>1</arg>
</arguments>
<msg timestamp="20210307 22:28:53.370" level="INFO">Selecting options from selection list 'css=#days' by value 1.</msg>
<status status="PASS" starttime="20210307 22:28:53.370" endtime="20210307 22:28:53.445"></status>
</kw>
<kw name="Select From List By Index" library="SeleniumLibrary">
<doc>Selects options from selection list ``locator`` by ``indexes``.</doc>
<arguments>
<arg>css=#months</arg>
<arg>1</arg>
</arguments>
<msg timestamp="20210307 22:28:53.445" level="INFO">Selecting options from selection list 'css=#months' by index 1.</msg>
<status status="PASS" starttime="20210307 22:28:53.445" endtime="20210307 22:28:53.507"></status>
</kw>
<kw name="Select From List By Value" library="SeleniumLibrary">
<doc>Selects options from selection list ``locator`` by ``values``.</doc>
<arguments>
<arg>css=#years</arg>
<arg>1950</arg>
</arguments>
<msg timestamp="20210307 22:28:53.508" level="INFO">Selecting options from selection list 'css=#years' by value 1950.</msg>
<status status="PASS" starttime="20210307 22:28:53.507" endtime="20210307 22:28:53.623"></status>
</kw>
<kw name="Input Text" library="SeleniumLibrary">
<doc>Types the given ``text`` into the text field identified by ``locator``.</doc>
<arguments>
<arg>css=#firstname</arg>
<arg>${firstname}</arg>
</arguments>
<msg timestamp="20210307 22:28:53.623" level="INFO">Typing text 'Mithun' into text field 'css=#firstname'.</msg>
<status status="PASS" starttime="20210307 22:28:53.623" endtime="20210307 22:28:53.747"></status>
</kw>
<kw name="Input Text" library="SeleniumLibrary">
<doc>Types the given ``text`` into the text field identified by ``locator``.</doc>
<arguments>
<arg>css=#lastname</arg>
<arg>${lastname}</arg>
</arguments>
<msg timestamp="20210307 22:28:53.747" level="INFO">Typing text 'Suresh' into text field 'css=#lastname'.</msg>
<status status="PASS" starttime="20210307 22:28:53.747" endtime="20210307 22:28:53.841"></status>
</kw>
<kw name="Input Text" library="SeleniumLibrary">
<doc>Types the given ``text`` into the text field identified by ``locator``.</doc>
<arguments>
<arg>css=#company</arg>
<arg>${company}</arg>
</arguments>
<msg timestamp="20210307 22:28:53.842" level="INFO">Typing text 'Company1' into text field 'css=#company'.</msg>
<status status="PASS" starttime="20210307 22:28:53.842" endtime="20210307 22:28:53.927"></status>
</kw>
<kw name="Input Text" library="SeleniumLibrary">
<doc>Types the given ``text`` into the text field identified by ``locator``.</doc>
<arguments>
<arg>css=#address1</arg>
<arg>${address1}</arg>
</arguments>
<msg timestamp="20210307 22:28:53.928" level="INFO">Typing text 'Street 1' into text field 'css=#address1'.</msg>
<status status="PASS" starttime="20210307 22:28:53.927" endtime="20210307 22:28:53.995"></status>
</kw>
<kw name="Input Text" library="SeleniumLibrary">
<doc>Types the given ``text`` into the text field identified by ``locator``.</doc>
<arguments>
<arg>css=#city</arg>
<arg>${city}</arg>
</arguments>
<msg timestamp="20210307 22:28:53.996" level="INFO">Typing text 'Chicago' into text field 'css=#city'.</msg>
<status status="PASS" starttime="20210307 22:28:53.996" endtime="20210307 22:28:54.066"></status>
</kw>
<kw name="Select From List By Label" library="SeleniumLibrary">
<doc>Selects options from selection list ``locator`` by ``labels``.</doc>
<arguments>
<arg>css=#id_state</arg>
<arg>Illinois</arg>
</arguments>
<msg timestamp="20210307 22:28:54.067" level="INFO">Selecting options from selection list 'css=#id_state' by label Illinois.</msg>
<status status="PASS" starttime="20210307 22:28:54.066" endtime="20210307 22:28:54.144"></status>
</kw>
<kw name="Input Text" library="SeleniumLibrary">
<doc>Types the given ``text`` into the text field identified by ``locator``.</doc>
<arguments>
<arg>css=#postcode</arg>
<arg>${postcode}</arg>
</arguments>
<msg timestamp="20210307 22:28:54.145" level="INFO">Typing text '60606' into text field 'css=#postcode'.</msg>
<status status="PASS" starttime="20210307 22:28:54.144" endtime="20210307 22:28:54.238"></status>
</kw>
<kw name="Input Text" library="SeleniumLibrary">
<doc>Types the given ``text`` into the text field identified by ``locator``.</doc>
<arguments>
<arg>css=#phone</arg>
<arg>${phone}</arg>
</arguments>
<msg timestamp="20210307 22:28:54.239" level="INFO">Typing text '1234567890' into text field 'css=#phone'.</msg>
<status status="PASS" starttime="20210307 22:28:54.238" endtime="20210307 22:28:54.330"></status>
</kw>
<kw name="Input Text" library="SeleniumLibrary">
<doc>Types the given ``text`` into the text field identified by ``locator``.</doc>
<arguments>
<arg>css=#phone_mobile</arg>
<arg>${phone_mobile}</arg>
</arguments>
<msg timestamp="20210307 22:28:54.330" level="INFO">Typing text '1234567890' into text field 'css=#phone_mobile'.</msg>
<status status="PASS" starttime="20210307 22:28:54.330" endtime="20210307 22:28:54.407"></status>
</kw>
<kw name="Clear Element Text" library="SeleniumLibrary">
<doc>Clears the value of the text-input-element identified by ``locator``.</doc>
<arguments>
<arg>css=#alias</arg>
</arguments>
<status status="PASS" starttime="20210307 22:28:54.408" endtime="20210307 22:28:54.449"></status>
</kw>
<kw name="Input Text" library="SeleniumLibrary">
<doc>Types the given ``text`` into the text field identified by ``locator``.</doc>
<arguments>
<arg>css=#alias</arg>
<arg>Home address</arg>
</arguments>
<msg timestamp="20210307 22:28:54.449" level="INFO">Typing text 'Home address' into text field 'css=#alias'.</msg>
<status status="PASS" starttime="20210307 22:28:54.449" endtime="20210307 22:28:54.549"></status>
</kw>
<kw name="Click Button" library="SeleniumLibrary">
<doc>Clicks the button identified by ``locator``.</doc>
<arguments>
<arg>css=#submitAccount</arg>
</arguments>
<msg timestamp="20210307 22:28:54.549" level="INFO">Clicking button 'css=#submitAccount'.</msg>
<status status="PASS" starttime="20210307 22:28:54.549" endtime="20210307 22:28:56.500"></status>
</kw>
<kw name="Page Should Contain" library="SeleniumLibrary">
<doc>Verifies that current page contains ``text``.</doc>
<arguments>
<arg>My account</arg>
</arguments>
<msg timestamp="20210307 22:28:56.518" level="INFO">Current page contains text 'My account'.</msg>
<status status="PASS" starttime="20210307 22:28:56.500" endtime="20210307 22:28:56.518"></status>
</kw>
<kw name="Page Should Contain Element" library="SeleniumLibrary">
<doc>Verifies that element ``locator`` is found on the current page.</doc>
<arguments>
<arg>css:a[class^=logout]</arg>
</arguments>
<msg timestamp="20210307 22:28:56.527" level="INFO">Current page contains element 'css:a[class^=logout]'.</msg>
<status status="PASS" starttime="20210307 22:28:56.518" endtime="20210307 22:28:56.527"></status>
</kw>
<kw name="Click Element" library="SeleniumLibrary">
<doc>Click the element identified by ``locator``.</doc>
<arguments>
<arg>xpath=//a[@href="http://automationpractice.com/index.php?controller=identity"]</arg>
</arguments>
<msg timestamp="20210307 22:28:56.527" level="INFO">Clicking element 'xpath=//a[@href="http://automationpractice.com/index.php?controller=identity"]'.</msg>
<status status="PASS" starttime="20210307 22:28:56.527" endtime="20210307 22:28:57.264"></status>
</kw>
<kw name="Wait Until Page Contains" library="SeleniumLibrary">
<doc>Waits until ``text`` appears on the current page.</doc>
<arguments>
<arg>Please be sure to update your personal information if it has changed.</arg>
</arguments>
<status status="PASS" starttime="20210307 22:28:57.264" endtime="20210307 22:28:57.276"></status>
</kw>
<kw name="Get Value" library="SeleniumLibrary">
<doc>Returns the value attribute of the element identified by ``locator``.</doc>
<arguments>
<arg>css=#firstname</arg>
</arguments>
<assign>
<var>${compare_name}</var>
</assign>
<msg timestamp="20210307 22:28:57.287" level="INFO">${compare_name} = Mithun</msg>
<status status="PASS" starttime="20210307 22:28:57.276" endtime="20210307 22:28:57.287"></status>
</kw>
<kw name="Should Be Equal" library="BuiltIn">
<doc>Fails if the given objects are unequal.</doc>
<arguments>
<arg>${compare_name}</arg>
<arg>Mithun</arg>
</arguments>
<status status="PASS" starttime="20210307 22:28:57.287" endtime="20210307 22:28:57.287"></status>
</kw>
<kw name="Click Element" library="SeleniumLibrary">
<doc>Click the element identified by ``locator``.</doc>
<arguments>
<arg>css:a[class^=logout]</arg>
</arguments>
<msg timestamp="20210307 22:28:57.288" level="INFO">Clicking element 'css:a[class^=logout]'.</msg>
<status status="PASS" starttime="20210307 22:28:57.288" endtime="20210307 22:28:58.621"></status>
</kw>
<kw name="Close All Browsers" library="SeleniumLibrary">
<doc>Closes all open browsers and resets the browser cache.</doc>
<status status="PASS" starttime="20210307 22:28:58.621" endtime="20210307 22:28:58.714"></status>
</kw>
<tags>
<tag>ValidLogin</tag>
</tags>
<status status="PASS" starttime="20210307 22:28:34.547" endtime="20210307 22:28:58.714" critical="yes"></status>
</test>
<doc>This test covers basic features for the website regression test</doc>
<status status="PASS" starttime="20210307 22:28:34.408" endtime="20210307 22:28:58.716"></status>
</suite>
<statistics>
<total>
<stat pass="1" fail="0">Critical Tests</stat>
<stat pass="1" fail="0">All Tests</stat>
</total>
<tag>
<stat pass="1" fail="0">ValidLogin</stat>
</tag>
<suite>
<stat pass="1" fail="0" id="s1" name="Main">Main</stat>
</suite>
</statistics>
<errors>
<msg timestamp="20210307 22:28:34.546" level="ERROR">Error in file '/Users/msuresh/PycharmProjects/automationdemo/tests/main.robot' on line 4: Error in file '/Users/msuresh/PycharmProjects/automationdemo/resources/demo.robot' on line 8: Resource file with 'Test Cases' section is invalid.</msg>
</errors>
</robot>
