<?xml version="1.0" encoding="UTF-8"?>
<robot generator="Robot 3.2.2 (Python 3.7.0 on darwin)" generated="20210309 16:54:55.461" rpa="false">
<suite id="s1" name="Main" source="/Users/msuresh/PycharmProjects/automationdemo/tests/main.robot">
<test id="s1-t1" name="User is able to navigate to website and view the content">
<kw name="Navigate To Website" library="demo">
<arguments>
<arg>${Website}</arg>
<arg>${BROWSER}</arg>
</arguments>
<kw name="Navigate to test website" library="SiteEntry">
<arguments>
<arg>${Website}</arg>
<arg>${BROWSER}</arg>
</arguments>
<kw name="Open Browser" library="SeleniumLibrary">
<doc>Opens a new browser instance to the optional ``url``.</doc>
<arguments>
<arg>${Website}</arg>
<arg>${BROWSER}</arg>
</arguments>
<msg timestamp="20210309 16:54:55.646" level="INFO">Opening browser 'Chrome' to base url 'http://automationpractice.com/index.php'.</msg>
<status status="PASS" starttime="20210309 16:54:55.646" endtime="20210309 16:55:02.611"></status>
</kw>
<status status="PASS" starttime="20210309 16:54:55.645" endtime="20210309 16:55:02.612"></status>
</kw>
<status status="PASS" starttime="20210309 16:54:55.645" endtime="20210309 16:55:02.612"></status>
</kw>
<kw name="verify the site has content" library="demo">
<kw name="Verify the content" library="SiteEntry">
<kw name="Wait Until Element Is Visible" library="SeleniumLibrary">
<doc>Waits until the element ``locator`` is visible.</doc>
<arguments>
<arg>css:img.logo</arg>
</arguments>
<status status="PASS" starttime="20210309 16:55:02.613" endtime="20210309 16:55:02.638"></status>
</kw>
<kw name="Page Should Contain Element" library="SeleniumLibrary">
<doc>Verifies that element ``locator`` is found on the current page.</doc>
<arguments>
<arg>css:img.logo</arg>
</arguments>
<msg timestamp="20210309 16:55:02.643" level="INFO">Current page contains element 'css:img.logo'.</msg>
<status status="PASS" starttime="20210309 16:55:02.638" endtime="20210309 16:55:02.644"></status>
</kw>
<kw name="Page Should Contain Element" library="SeleniumLibrary">
<doc>Verifies that element ``locator`` is found on the current page.</doc>
<arguments>
<arg>css:input[class^=search_query]</arg>
</arguments>
<msg timestamp="20210309 16:55:02.653" level="INFO">Current page contains element 'css:input[class^=search_query]'.</msg>
<status status="PASS" starttime="20210309 16:55:02.644" endtime="20210309 16:55:02.653"></status>
</kw>
<status status="PASS" starttime="20210309 16:55:02.613" endtime="20210309 16:55:02.653"></status>
</kw>
<status status="PASS" starttime="20210309 16:55:02.612" endtime="20210309 16:55:02.653"></status>
</kw>
<kw name="Close Browser" library="common">
<kw name="Close All Browsers" library="SeleniumLibrary">
<doc>Closes all open browsers and resets the browser cache.</doc>
<status status="PASS" starttime="20210309 16:55:02.654" endtime="20210309 16:55:02.740"></status>
</kw>
<status status="PASS" starttime="20210309 16:55:02.654" endtime="20210309 16:55:02.741"></status>
</kw>
<tags>
<tag>WebsiteAccess</tag>
</tags>
<status status="PASS" starttime="20210309 16:54:55.644" endtime="20210309 16:55:02.741" critical="yes"></status>
</test>
<test id="s1-t2" name="Already registered user is not allowed to register">
<kw name="Navigate To Website" library="demo">
<arguments>
<arg>${Website}</arg>
<arg>${BROWSER}</arg>
</arguments>
<kw name="Navigate to test website" library="SiteEntry">
<arguments>
<arg>${Website}</arg>
<arg>${BROWSER}</arg>
</arguments>
<kw name="Open Browser" library="SeleniumLibrary">
<doc>Opens a new browser instance to the optional ``url``.</doc>
<arguments>
<arg>${Website}</arg>
<arg>${BROWSER}</arg>
</arguments>
<msg timestamp="20210309 16:55:02.744" level="INFO">Opening browser 'Chrome' to base url 'http://automationpractice.com/index.php'.</msg>
<status status="PASS" starttime="20210309 16:55:02.743" endtime="20210309 16:55:07.376"></status>
</kw>
<status status="PASS" starttime="20210309 16:55:02.743" endtime="20210309 16:55:07.376"></status>
</kw>
<status status="PASS" starttime="20210309 16:55:02.742" endtime="20210309 16:55:07.376"></status>
</kw>
<kw name="verify the site has content" library="demo">
<kw name="Verify the content" library="SiteEntry">
<kw name="Wait Until Element Is Visible" library="SeleniumLibrary">
<doc>Waits until the element ``locator`` is visible.</doc>
<arguments>
<arg>css:img.logo</arg>
</arguments>
<status status="PASS" starttime="20210309 16:55:07.377" endtime="20210309 16:55:07.413"></status>
</kw>
<kw name="Page Should Contain Element" library="SeleniumLibrary">
<doc>Verifies that element ``locator`` is found on the current page.</doc>
<arguments>
<arg>css:img.logo</arg>
</arguments>
<msg timestamp="20210309 16:55:07.421" level="INFO">Current page contains element 'css:img.logo'.</msg>
<status status="PASS" starttime="20210309 16:55:07.414" endtime="20210309 16:55:07.421"></status>
</kw>
<kw name="Page Should Contain Element" library="SeleniumLibrary">
<doc>Verifies that element ``locator`` is found on the current page.</doc>
<arguments>
<arg>css:input[class^=search_query]</arg>
</arguments>
<msg timestamp="20210309 16:55:07.431" level="INFO">Current page contains element 'css:input[class^=search_query]'.</msg>
<status status="PASS" starttime="20210309 16:55:07.421" endtime="20210309 16:55:07.431"></status>
</kw>
<status status="PASS" starttime="20210309 16:55:07.377" endtime="20210309 16:55:07.431"></status>
</kw>
<status status="PASS" starttime="20210309 16:55:07.377" endtime="20210309 16:55:07.431"></status>
</kw>
<kw name="Navigate to login screen" library="demo">
<kw name="Click Element" library="SeleniumLibrary">
<doc>Click the element identified by ``locator``.</doc>
<arguments>
<arg>css:a[class^=login]</arg>
</arguments>
<msg timestamp="20210309 16:55:07.432" level="INFO">Clicking element 'css:a[class^=login]'.</msg>
<status status="PASS" starttime="20210309 16:55:07.432" endtime="20210309 16:55:08.376"></status>
</kw>
<kw name="Page Should Contain Element" library="SeleniumLibrary">
<doc>Verifies that element ``locator`` is found on the current page.</doc>
<arguments>
<arg>css=#email_create</arg>
</arguments>
<msg timestamp="20210309 16:55:08.391" level="INFO">Current page contains element 'css=#email_create'.</msg>
<status status="PASS" starttime="20210309 16:55:08.377" endtime="20210309 16:55:08.391"></status>
</kw>
<status status="PASS" starttime="20210309 16:55:07.431" endtime="20210309 16:55:08.391"></status>
</kw>
<kw name="Validate existing email id cannot be used to create an account" library="demo">
<kw name="Input Text" library="SeleniumLibrary">
<doc>Types the given ``text`` into the text field identified by ``locator``.</doc>
<arguments>
<arg>css=#email_create</arg>
<arg>test@demo.com</arg>
</arguments>
<msg timestamp="20210309 16:55:08.392" level="INFO">Typing text 'test@demo.com' into text field 'css=#email_create'.</msg>
<status status="PASS" starttime="20210309 16:55:08.392" endtime="20210309 16:55:08.562"></status>
</kw>
<kw name="Click Element" library="SeleniumLibrary">
<doc>Click the element identified by ``locator``.</doc>
<arguments>
<arg>css=#SubmitCreate</arg>
</arguments>
<msg timestamp="20210309 16:55:08.563" level="INFO">Clicking element 'css=#SubmitCreate'.</msg>
<status status="PASS" starttime="20210309 16:55:08.563" endtime="20210309 16:55:08.612"></status>
</kw>
<kw name="Wait Until Element Contains" library="SeleniumLibrary">
<doc>Waits until the element ``locator`` contains ``text``.</doc>
<arguments>
<arg>css=#create_account_error &gt; ol &gt; li</arg>
<arg>An account using this email address has already been registered. Please enter a valid password or request a new one.</arg>
</arguments>
<status status="PASS" starttime="20210309 16:55:08.612" endtime="20210309 16:55:09.475"></status>
</kw>
<status status="PASS" starttime="20210309 16:55:08.391" endtime="20210309 16:55:09.475"></status>
</kw>
<kw name="Close Browser" library="common">
<kw name="Close All Browsers" library="SeleniumLibrary">
<doc>Closes all open browsers and resets the browser cache.</doc>
<status status="PASS" starttime="20210309 16:55:09.475" endtime="20210309 16:55:09.565"></status>
</kw>
<status status="PASS" starttime="20210309 16:55:09.475" endtime="20210309 16:55:09.565"></status>
</kw>
<tags>
<tag>InvalidLogin</tag>
</tags>
<status status="PASS" starttime="20210309 16:55:02.742" endtime="20210309 16:55:09.565" critical="yes"></status>
</test>
<test id="s1-t3" name="Verify user is able to register with valid credentials">
<kw name="Navigate To Website" library="demo">
<arguments>
<arg>${Website}</arg>
<arg>${BROWSER}</arg>
</arguments>
<kw name="Navigate to test website" library="SiteEntry">
<arguments>
<arg>${Website}</arg>
<arg>${BROWSER}</arg>
</arguments>
<kw name="Open Browser" library="SeleniumLibrary">
<doc>Opens a new browser instance to the optional ``url``.</doc>
<arguments>
<arg>${Website}</arg>
<arg>${BROWSER}</arg>
</arguments>
<msg timestamp="20210309 16:55:09.568" level="INFO">Opening browser 'Chrome' to base url 'http://automationpractice.com/index.php'.</msg>
<status status="PASS" starttime="20210309 16:55:09.568" endtime="20210309 16:55:14.355"></status>
</kw>
<status status="PASS" starttime="20210309 16:55:09.567" endtime="20210309 16:55:14.355"></status>
</kw>
<status status="PASS" starttime="20210309 16:55:09.567" endtime="20210309 16:55:14.355"></status>
</kw>
<kw name="verify the site has content" library="demo">
<kw name="Verify the content" library="SiteEntry">
<kw name="Wait Until Element Is Visible" library="SeleniumLibrary">
<doc>Waits until the element ``locator`` is visible.</doc>
<arguments>
<arg>css:img.logo</arg>
</arguments>
<status status="PASS" starttime="20210309 16:55:14.356" endtime="20210309 16:55:14.394"></status>
</kw>
<kw name="Page Should Contain Element" library="SeleniumLibrary">
<doc>Verifies that element ``locator`` is found on the current page.</doc>
<arguments>
<arg>css:img.logo</arg>
</arguments>
<msg timestamp="20210309 16:55:14.401" level="INFO">Current page contains element 'css:img.logo'.</msg>
<status status="PASS" starttime="20210309 16:55:14.395" endtime="20210309 16:55:14.401"></status>
</kw>
<kw name="Page Should Contain Element" library="SeleniumLibrary">
<doc>Verifies that element ``locator`` is found on the current page.</doc>
<arguments>
<arg>css:input[class^=search_query]</arg>
</arguments>
<msg timestamp="20210309 16:55:14.410" level="INFO">Current page contains element 'css:input[class^=search_query]'.</msg>
<status status="PASS" starttime="20210309 16:55:14.401" endtime="20210309 16:55:14.410"></status>
</kw>
<status status="PASS" starttime="20210309 16:55:14.356" endtime="20210309 16:55:14.410"></status>
</kw>
<status status="PASS" starttime="20210309 16:55:14.355" endtime="20210309 16:55:14.410"></status>
</kw>
<kw name="Navigate to login screen" library="demo">
<kw name="Click Element" library="SeleniumLibrary">
<doc>Click the element identified by ``locator``.</doc>
<arguments>
<arg>css:a[class^=login]</arg>
</arguments>
<msg timestamp="20210309 16:55:14.411" level="INFO">Clicking element 'css:a[class^=login]'.</msg>
<status status="PASS" starttime="20210309 16:55:14.411" endtime="20210309 16:55:15.903"></status>
</kw>
<kw name="Page Should Contain Element" library="SeleniumLibrary">
<doc>Verifies that element ``locator`` is found on the current page.</doc>
<arguments>
<arg>css=#email_create</arg>
</arguments>
<msg timestamp="20210309 16:55:15.913" level="INFO">Current page contains element 'css=#email_create'.</msg>
<status status="PASS" starttime="20210309 16:55:15.903" endtime="20210309 16:55:15.913"></status>
</kw>
<status status="PASS" starttime="20210309 16:55:14.411" endtime="20210309 16:55:15.913"></status>
</kw>
<kw name="Verify user can register with valid data" library="demo">
<kw name="Input Text" library="SeleniumLibrary">
<doc>Types the given ``text`` into the text field identified by ``locator``.</doc>
<arguments>
<arg>css=#email_create</arg>
<arg>${valide_email}</arg>
</arguments>
<msg timestamp="20210309 16:55:15.914" level="INFO">Typing text 'test1159@demo.com' into text field 'css=#email_create'.</msg>
<status status="PASS" starttime="20210309 16:55:15.914" endtime="20210309 16:55:16.105"></status>
</kw>
<kw name="Click Element" library="SeleniumLibrary">
<doc>Click the element identified by ``locator``.</doc>
<arguments>
<arg>css=#SubmitCreate</arg>
</arguments>
<msg timestamp="20210309 16:55:16.106" level="INFO">Clicking element 'css=#SubmitCreate'.</msg>
<status status="PASS" starttime="20210309 16:55:16.105" endtime="20210309 16:55:16.156"></status>
</kw>
<kw name="Wait Until Page Contains" library="SeleniumLibrary">
<doc>Waits until ``text`` appears on the current page.</doc>
<arguments>
<arg>Your personal information</arg>
</arguments>
<status status="PASS" starttime="20210309 16:55:16.157" endtime="20210309 16:55:17.428"></status>
</kw>
<kw name="Click Element" library="SeleniumLibrary">
<doc>Click the element identified by ``locator``.</doc>
<arguments>
<arg>css=#id_gender1</arg>
</arguments>
<msg timestamp="20210309 16:55:17.428" level="INFO">Clicking element 'css=#id_gender1'.</msg>
<status status="PASS" starttime="20210309 16:55:17.428" endtime="20210309 16:55:17.472"></status>
</kw>
<kw name="Input Text" library="SeleniumLibrary">
<doc>Types the given ``text`` into the text field identified by ``locator``.</doc>
<arguments>
<arg>css=#customer_firstname</arg>
<arg>${firstname}</arg>
</arguments>
<msg timestamp="20210309 16:55:17.473" level="INFO">Typing text 'Mithun' into text field 'css=#customer_firstname'.</msg>
<status status="PASS" starttime="20210309 16:55:17.473" endtime="20210309 16:55:17.589"></status>
</kw>
<kw name="Input Text" library="SeleniumLibrary">
<doc>Types the given ``text`` into the text field identified by ``locator``.</doc>
<arguments>
<arg>css=#customer_lastname</arg>
<arg>${lastname}</arg>
</arguments>
<msg timestamp="20210309 16:55:17.589" level="INFO">Typing text 'Suresh' into text field 'css=#customer_lastname'.</msg>
<status status="PASS" starttime="20210309 16:55:17.589" endtime="20210309 16:55:17.674"></status>
</kw>
<kw name="Input Text" library="SeleniumLibrary">
<doc>Types the given ``text`` into the text field identified by ``locator``.</doc>
<arguments>
<arg>css=#passwd</arg>
<arg>${password}</arg>
</arguments>
<msg timestamp="20210309 16:55:17.675" level="INFO">Typing text 'Test1234' into text field 'css=#passwd'.</msg>
<status status="PASS" starttime="20210309 16:55:17.675" endtime="20210309 16:55:17.776"></status>
</kw>
<kw name="Page Should Contain List" library="SeleniumLibrary">
<doc>Verifies selection list ``locator`` is found from current page.</doc>
<arguments>
<arg>css=#days</arg>
</arguments>
<msg timestamp="20210309 16:55:17.791" level="INFO">Current page contains list 'css=#days'.</msg>
<status status="PASS" starttime="20210309 16:55:17.776" endtime="20210309 16:55:17.792"></status>
</kw>
<kw name="Page Should Contain List" library="SeleniumLibrary">
<doc>Verifies selection list ``locator`` is found from current page.</doc>
<arguments>
<arg>css=#months</arg>
</arguments>
<msg timestamp="20210309 16:55:17.806" level="INFO">Current page contains list 'css=#months'.</msg>
<status status="PASS" starttime="20210309 16:55:17.792" endtime="20210309 16:55:17.806"></status>
</kw>
<kw name="Page Should Contain List" library="SeleniumLibrary">
<doc>Verifies selection list ``locator`` is found from current page.</doc>
<arguments>
<arg>css=#years</arg>
</arguments>
<msg timestamp="20210309 16:55:17.821" level="INFO">Current page contains list 'css=#years'.</msg>
<status status="PASS" starttime="20210309 16:55:17.807" endtime="20210309 16:55:17.822"></status>
</kw>
<kw name="Select From List By Value" library="SeleniumLibrary">
<doc>Selects options from selection list ``locator`` by ``values``.</doc>
<arguments>
<arg>css=#days</arg>
<arg>1</arg>
</arguments>
<msg timestamp="20210309 16:55:17.822" level="INFO">Selecting options from selection list 'css=#days' by value 1.</msg>
<status status="PASS" starttime="20210309 16:55:17.822" endtime="20210309 16:55:17.906"></status>
</kw>
<kw name="Select From List By Index" library="SeleniumLibrary">
<doc>Selects options from selection list ``locator`` by ``indexes``.</doc>
<arguments>
<arg>css=#months</arg>
<arg>1</arg>
</arguments>
<msg timestamp="20210309 16:55:17.907" level="INFO">Selecting options from selection list 'css=#months' by index 1.</msg>
<status status="PASS" starttime="20210309 16:55:17.906" endtime="20210309 16:55:18.043"></status>
</kw>
<kw name="Select From List By Value" library="SeleniumLibrary">
<doc>Selects options from selection list ``locator`` by ``values``.</doc>
<arguments>
<arg>css=#years</arg>
<arg>1950</arg>
</arguments>
<msg timestamp="20210309 16:55:18.043" level="INFO">Selecting options from selection list 'css=#years' by value 1950.</msg>
<status status="PASS" starttime="20210309 16:55:18.043" endtime="20210309 16:55:18.115"></status>
</kw>
<kw name="Input Text" library="SeleniumLibrary">
<doc>Types the given ``text`` into the text field identified by ``locator``.</doc>
<arguments>
<arg>css=#firstname</arg>
<arg>${firstname}</arg>
</arguments>
<msg timestamp="20210309 16:55:18.116" level="INFO">Typing text 'Mithun' into text field 'css=#firstname'.</msg>
<status status="PASS" starttime="20210309 16:55:18.115" endtime="20210309 16:55:18.229"></status>
</kw>
<kw name="Input Text" library="SeleniumLibrary">
<doc>Types the given ``text`` into the text field identified by ``locator``.</doc>
<arguments>
<arg>css=#lastname</arg>
<arg>${lastname}</arg>
</arguments>
<msg timestamp="20210309 16:55:18.229" level="INFO">Typing text 'Suresh' into text field 'css=#lastname'.</msg>
<status status="PASS" starttime="20210309 16:55:18.229" endtime="20210309 16:55:18.322"></status>
</kw>
<kw name="Input Text" library="SeleniumLibrary">
<doc>Types the given ``text`` into the text field identified by ``locator``.</doc>
<arguments>
<arg>css=#company</arg>
<arg>${company}</arg>
</arguments>
<msg timestamp="20210309 16:55:18.323" level="INFO">Typing text 'Company1' into text field 'css=#company'.</msg>
<status status="PASS" starttime="20210309 16:55:18.322" endtime="20210309 16:55:18.415"></status>
</kw>
<kw name="Input Text" library="SeleniumLibrary">
<doc>Types the given ``text`` into the text field identified by ``locator``.</doc>
<arguments>
<arg>css=#address1</arg>
<arg>${address1}</arg>
</arguments>
<msg timestamp="20210309 16:55:18.415" level="INFO">Typing text 'Street 1' into text field 'css=#address1'.</msg>
<status status="PASS" starttime="20210309 16:55:18.415" endtime="20210309 16:55:18.489"></status>
</kw>
<kw name="Input Text" library="SeleniumLibrary">
<doc>Types the given ``text`` into the text field identified by ``locator``.</doc>
<arguments>
<arg>css=#city</arg>
<arg>${city}</arg>
</arguments>
<msg timestamp="20210309 16:55:18.489" level="INFO">Typing text 'Chicago' into text field 'css=#city'.</msg>
<status status="PASS" starttime="20210309 16:55:18.489" endtime="20210309 16:55:18.572"></status>
</kw>
<kw name="Select From List By Label" library="SeleniumLibrary">
<doc>Selects options from selection list ``locator`` by ``labels``.</doc>
<arguments>
<arg>css=#id_state</arg>
<arg>Illinois</arg>
</arguments>
<msg timestamp="20210309 16:55:18.572" level="INFO">Selecting options from selection list 'css=#id_state' by label Illinois.</msg>
<status status="PASS" starttime="20210309 16:55:18.572" endtime="20210309 16:55:18.651"></status>
</kw>
<kw name="Input Text" library="SeleniumLibrary">
<doc>Types the given ``text`` into the text field identified by ``locator``.</doc>
<arguments>
<arg>css=#postcode</arg>
<arg>${postcode}</arg>
</arguments>
<msg timestamp="20210309 16:55:18.651" level="INFO">Typing text '60606' into text field 'css=#postcode'.</msg>
<status status="PASS" starttime="20210309 16:55:18.651" endtime="20210309 16:55:18.739"></status>
</kw>
<kw name="Input Text" library="SeleniumLibrary">
<doc>Types the given ``text`` into the text field identified by ``locator``.</doc>
<arguments>
<arg>css=#phone</arg>
<arg>${phone}</arg>
</arguments>
<msg timestamp="20210309 16:55:18.739" level="INFO">Typing text '1234567890' into text field 'css=#phone'.</msg>
<status status="PASS" starttime="20210309 16:55:18.739" endtime="20210309 16:55:18.819"></status>
</kw>
<kw name="Input Text" library="SeleniumLibrary">
<doc>Types the given ``text`` into the text field identified by ``locator``.</doc>
<arguments>
<arg>css=#phone_mobile</arg>
<arg>${phone_mobile}</arg>
</arguments>
<msg timestamp="20210309 16:55:18.819" level="INFO">Typing text '1234567890' into text field 'css=#phone_mobile'.</msg>
<status status="PASS" starttime="20210309 16:55:18.819" endtime="20210309 16:55:18.910"></status>
</kw>
<kw name="Clear Element Text" library="SeleniumLibrary">
<doc>Clears the value of the text-input-element identified by ``locator``.</doc>
<arguments>
<arg>css=#alias</arg>
</arguments>
<status status="PASS" starttime="20210309 16:55:18.910" endtime="20210309 16:55:18.947"></status>
</kw>
<kw name="Input Text" library="SeleniumLibrary">
<doc>Types the given ``text`` into the text field identified by ``locator``.</doc>
<arguments>
<arg>css=#alias</arg>
<arg>Home address</arg>
</arguments>
<msg timestamp="20210309 16:55:18.947" level="INFO">Typing text 'Home address' into text field 'css=#alias'.</msg>
<status status="PASS" starttime="20210309 16:55:18.947" endtime="20210309 16:55:19.056"></status>
</kw>
<kw name="Click Button" library="SeleniumLibrary">
<doc>Clicks the button identified by ``locator``.</doc>
<arguments>
<arg>css=#submitAccount</arg>
</arguments>
<msg timestamp="20210309 16:55:19.056" level="INFO">Clicking button 'css=#submitAccount'.</msg>
<status status="PASS" starttime="20210309 16:55:19.056" endtime="20210309 16:55:20.086"></status>
</kw>
<kw name="Page Should Contain" library="SeleniumLibrary">
<doc>Verifies that current page contains ``text``.</doc>
<arguments>
<arg>My account</arg>
</arguments>
<msg timestamp="20210309 16:55:20.104" level="INFO">Current page contains text 'My account'.</msg>
<status status="PASS" starttime="20210309 16:55:20.086" endtime="20210309 16:55:20.104"></status>
</kw>
<kw name="Page Should Contain Element" library="SeleniumLibrary">
<doc>Verifies that element ``locator`` is found on the current page.</doc>
<arguments>
<arg>css:a[class^=logout]</arg>
</arguments>
<msg timestamp="20210309 16:55:20.113" level="INFO">Current page contains element 'css:a[class^=logout]'.</msg>
<status status="PASS" starttime="20210309 16:55:20.105" endtime="20210309 16:55:20.113"></status>
</kw>
<status status="PASS" starttime="20210309 16:55:15.913" endtime="20210309 16:55:20.113"></status>
</kw>
<kw name="Verify the my account of the user with registered data" library="demo">
<kw name="Click Element" library="SeleniumLibrary">
<doc>Click the element identified by ``locator``.</doc>
<arguments>
<arg>xpath=//a[@href="http://automationpractice.com/index.php?controller=identity"]</arg>
</arguments>
<msg timestamp="20210309 16:55:20.114" level="INFO">Clicking element 'xpath=//a[@href="http://automationpractice.com/index.php?controller=identity"]'.</msg>
<status status="PASS" starttime="20210309 16:55:20.114" endtime="20210309 16:55:21.168"></status>
</kw>
<kw name="Wait Until Page Contains" library="SeleniumLibrary">
<doc>Waits until ``text`` appears on the current page.</doc>
<arguments>
<arg>Please be sure to update your personal information if it has changed.</arg>
</arguments>
<status status="PASS" starttime="20210309 16:55:21.168" endtime="20210309 16:55:21.180"></status>
</kw>
<kw name="Get Value" library="SeleniumLibrary">
<doc>Returns the value attribute of the element identified by ``locator``.</doc>
<arguments>
<arg>css=#firstname</arg>
</arguments>
<assign>
<var>${compare_name}</var>
</assign>
<msg timestamp="20210309 16:55:21.190" level="INFO">${compare_name} = Mithun</msg>
<status status="PASS" starttime="20210309 16:55:21.180" endtime="20210309 16:55:21.190"></status>
</kw>
<kw name="Should Be Equal" library="BuiltIn">
<doc>Fails if the given objects are unequal.</doc>
<arguments>
<arg>${compare_name}</arg>
<arg>Mithun</arg>
</arguments>
<status status="PASS" starttime="20210309 16:55:21.191" endtime="20210309 16:55:21.191"></status>
</kw>
<kw name="Click Element" library="SeleniumLibrary">
<doc>Click the element identified by ``locator``.</doc>
<arguments>
<arg>css:a[class^=logout]</arg>
</arguments>
<msg timestamp="20210309 16:55:21.191" level="INFO">Clicking element 'css:a[class^=logout]'.</msg>
<status status="PASS" starttime="20210309 16:55:21.191" endtime="20210309 16:55:22.521"></status>
</kw>
<status status="PASS" starttime="20210309 16:55:20.114" endtime="20210309 16:55:22.522"></status>
</kw>
<kw name="Close Browser" library="common">
<kw name="Close All Browsers" library="SeleniumLibrary">
<doc>Closes all open browsers and resets the browser cache.</doc>
<status status="PASS" starttime="20210309 16:55:22.523" endtime="20210309 16:55:22.614"></status>
</kw>
<status status="PASS" starttime="20210309 16:55:22.522" endtime="20210309 16:55:22.614"></status>
</kw>
<status status="PASS" starttime="20210309 16:55:09.566" endtime="20210309 16:55:22.614" critical="yes"></status>
</test>
<doc>This test covers basic features for the website regression test</doc>
<status status="PASS" starttime="20210309 16:54:55.463" endtime="20210309 16:55:22.616"></status>
</suite>
<statistics>
<total>
<stat pass="3" fail="0">Critical Tests</stat>
<stat pass="3" fail="0">All Tests</stat>
</total>
<tag>
<stat pass="1" fail="0">InvalidLogin</stat>
<stat pass="1" fail="0">WebsiteAccess</stat>
</tag>
<suite>
<stat pass="3" fail="0" id="s1" name="Main">Main</stat>
</suite>
</statistics>
<errors>
<msg timestamp="20210309 16:54:55.617" level="ERROR">Error in file '/Users/msuresh/PycharmProjects/automationdemo/tests/main.robot' on line 4: Importing test library 'FakerLibrary' failed: ModuleNotFoundError: No module named 'FakerLibrary'
Traceback (most recent call last):
  None
PYTHONPATH:
  /Users/msuresh/PycharmProjects/automationdemo/venv/bin
  /Library/Frameworks/Python.framework/Versions/3.7/lib/python37.zip
  /Library/Frameworks/Python.framework/Versions/3.7/lib/python3.7
  /Library/Frameworks/Python.framework/Versions/3.7/lib/python3.7/lib-dynload
  /Users/msuresh/PycharmProjects/automationdemo/venv/lib/python3.7/site-packages
  /Users/msuresh/PycharmProjects/automationdemo/venv/lib/python3.7/site-packages/setuptools-40.8.0-py3.7.egg
  /Users/msuresh/PycharmProjects/automationdemo/venv/lib/python3.7/site-packages/pip-19.0.3-py3.7.egg</msg>
<msg timestamp="20210309 16:54:55.622" level="ERROR">Error in file '/Users/msuresh/PycharmProjects/automationdemo/resources/demo.robot' on line 4: Importing test library 'FakerLibrary' failed: ModuleNotFoundError: No module named 'FakerLibrary'
Traceback (most recent call last):
  None
PYTHONPATH:
  /Users/msuresh/PycharmProjects/automationdemo/venv/bin
  /Library/Frameworks/Python.framework/Versions/3.7/lib/python37.zip
  /Library/Frameworks/Python.framework/Versions/3.7/lib/python3.7
  /Library/Frameworks/Python.framework/Versions/3.7/lib/python3.7/lib-dynload
  /Users/msuresh/PycharmProjects/automationdemo/venv/lib/python3.7/site-packages
  /Users/msuresh/PycharmProjects/automationdemo/venv/lib/python3.7/site-packages/setuptools-40.8.0-py3.7.egg
  /Users/msuresh/PycharmProjects/automationdemo/venv/lib/python3.7/site-packages/pip-19.0.3-py3.7.egg</msg>
<msg timestamp="20210309 16:54:55.624" level="ERROR">Error in file '/Users/msuresh/PycharmProjects/automationdemo/resources/po/SiteEntry.robot' on line 3: Importing test library 'DatabaseLibrary' failed: ModuleNotFoundError: No module named 'DatabaseLibrary'
Traceback (most recent call last):
  None
PYTHONPATH:
  /Users/msuresh/PycharmProjects/automationdemo/venv/bin
  /Library/Frameworks/Python.framework/Versions/3.7/lib/python37.zip
  /Library/Frameworks/Python.framework/Versions/3.7/lib/python3.7
  /Library/Frameworks/Python.framework/Versions/3.7/lib/python3.7/lib-dynload
  /Users/msuresh/PycharmProjects/automationdemo/venv/lib/python3.7/site-packages
  /Users/msuresh/PycharmProjects/automationdemo/venv/lib/python3.7/site-packages/setuptools-40.8.0-py3.7.egg
  /Users/msuresh/PycharmProjects/automationdemo/venv/lib/python3.7/site-packages/pip-19.0.3-py3.7.egg</msg>
<msg timestamp="20210309 16:54:55.625" level="ERROR">Error in file '/Users/msuresh/PycharmProjects/automationdemo/resources/po/SiteEntry.robot' on line 4: Importing test library 'FakerLibrary' failed: ModuleNotFoundError: No module named 'FakerLibrary'
Traceback (most recent call last):
  None
PYTHONPATH:
  /Users/msuresh/PycharmProjects/automationdemo/venv/bin
  /Library/Frameworks/Python.framework/Versions/3.7/lib/python37.zip
  /Library/Frameworks/Python.framework/Versions/3.7/lib/python3.7
  /Library/Frameworks/Python.framework/Versions/3.7/lib/python3.7/lib-dynload
  /Users/msuresh/PycharmProjects/automationdemo/venv/lib/python3.7/site-packages
  /Users/msuresh/PycharmProjects/automationdemo/venv/lib/python3.7/site-packages/setuptools-40.8.0-py3.7.egg
  /Users/msuresh/PycharmProjects/automationdemo/venv/lib/python3.7/site-packages/pip-19.0.3-py3.7.egg</msg>
<msg timestamp="20210309 16:54:55.627" level="ERROR">Error in file '/Users/msuresh/PycharmProjects/automationdemo/resources/po/SiteEntry.robot' on line 5: Importing test library '/Users/msuresh/PycharmProjects/automationdemo/resources/custom_libs/fakeData.py' failed: ModuleNotFoundError: No module named 'barnum'
Traceback (most recent call last):
  File "/Users/msuresh/PycharmProjects/automationdemo/resources/custom_libs/fakeData.py", line 1, in &lt;module&gt;
    import barnum
PYTHONPATH:
  /Users/msuresh/PycharmProjects/automationdemo/venv/bin
  /Library/Frameworks/Python.framework/Versions/3.7/lib/python37.zip
  /Library/Frameworks/Python.framework/Versions/3.7/lib/python3.7
  /Library/Frameworks/Python.framework/Versions/3.7/lib/python3.7/lib-dynload
  /Users/msuresh/PycharmProjects/automationdemo/venv/lib/python3.7/site-packages
  /Users/msuresh/PycharmProjects/automationdemo/venv/lib/python3.7/site-packages/setuptools-40.8.0-py3.7.egg
  /Users/msuresh/PycharmProjects/automationdemo/venv/lib/python3.7/site-packages/pip-19.0.3-py3.7.egg</msg>
<msg timestamp="20210309 16:54:55.639" level="ERROR">Error in file '/Users/msuresh/PycharmProjects/automationdemo/resources/common.robot' on line 4: Importing test library 'DatabaseLibrary' failed: ModuleNotFoundError: No module named 'DatabaseLibrary'
Traceback (most recent call last):
  None
PYTHONPATH:
  /Users/msuresh/PycharmProjects/automationdemo/venv/bin
  /Library/Frameworks/Python.framework/Versions/3.7/lib/python37.zip
  /Library/Frameworks/Python.framework/Versions/3.7/lib/python3.7
  /Library/Frameworks/Python.framework/Versions/3.7/lib/python3.7/lib-dynload
  /Users/msuresh/PycharmProjects/automationdemo/venv/lib/python3.7/site-packages
  /Users/msuresh/PycharmProjects/automationdemo/venv/lib/python3.7/site-packages/setuptools-40.8.0-py3.7.egg
  /Users/msuresh/PycharmProjects/automationdemo/venv/lib/python3.7/site-packages/pip-19.0.3-py3.7.egg</msg>
<msg timestamp="20210309 16:54:55.640" level="ERROR">Error in file '/Users/msuresh/PycharmProjects/automationdemo/resources/common.robot' on line 5: Resource file '../data/environment.robot' does not exist.</msg>
<msg timestamp="20210309 16:54:55.643" level="ERROR">Error in file '/Users/msuresh/PycharmProjects/automationdemo/resources/common.robot' on line 7: Test library 'custom_libs/browserstack.py' does not exist.</msg>
</errors>
</robot>
